c:\users\ryo\documents\visual studio 2017\project\dx21_20190612_directxproject\directxproject\release\vc141.pdb
c:\users\ryo\documents\visual studio 2017\project\dx21_20190612_directxproject\directxproject\release\texture.obj
c:\users\ryo\documents\visual studio 2017\project\dx21_20190612_directxproject\directxproject\release\sprite.obj
c:\users\ryo\documents\visual studio 2017\project\dx21_20190612_directxproject\directxproject\release\mydirect3d.obj
c:\users\ryo\documents\visual studio 2017\project\dx21_20190612_directxproject\directxproject\release\main.obj
c:\users\ryo\documents\visual studio 2017\project\dx21_20190619_directxproject\directxproject\release\vc141.pdb
c:\users\ryo\documents\visual studio 2017\project\dx21_20190619_directxproject\directxproject\release\texture.obj
c:\users\ryo\documents\visual studio 2017\project\dx21_20190619_directxproject\directxproject\release\sprite.obj
c:\users\ryo\documents\visual studio 2017\project\dx21_20190619_directxproject\directxproject\release\mydirect3d.obj
c:\users\ryo\documents\visual studio 2017\project\dx21_20190619_directxproject\directxproject\release\main.obj
c:\users\ryo\documents\visual studio 2017\project\dx21_20190619_directxproject\directxproject\release\system_timer.obj
c:\users\ryo\documents\visual studio 2017\project\dx21_20190619_directxproject\directxproject\release\debug_font.obj
c:\users\ryo\documents\visual studio 2017\project\dx21_20190625_directxproject\directxproject\release\vc141.pdb
c:\users\ryo\documents\visual studio 2017\project\dx21_20190625_directxproject\directxproject\release\texture.obj
c:\users\ryo\documents\visual studio 2017\project\dx21_20190625_directxproject\directxproject\release\system_timer.obj
c:\users\ryo\documents\visual studio 2017\project\dx21_20190625_directxproject\directxproject\release\sprite.obj
c:\users\ryo\documents\visual studio 2017\project\dx21_20190625_directxproject\directxproject\release\patternanimation.obj
c:\users\ryo\documents\visual studio 2017\project\dx21_20190625_directxproject\directxproject\release\mydirect3d.obj
c:\users\ryo\documents\visual studio 2017\project\dx21_20190625_directxproject\directxproject\release\main.obj
c:\users\ryo\documents\visual studio 2017\project\dx21_20190625_directxproject\directxproject\release\input.obj
c:\users\ryo\documents\visual studio 2017\project\dx21_20190625_directxproject\directxproject\release\debug_font.obj
c:\users\ryo\documents\visual studio 2017\project\dx21_20190612_directxproject\release\directxproject.ipdb
c:\users\ryo\documents\visual studio 2017\project\dx21_20190612_directxproject\release\directxproject.iobj
c:\users\ryo\documents\visual studio 2017\project\dx21_20190619_directxproject\release\directxproject.ipdb
c:\users\ryo\documents\visual studio 2017\project\dx21_20190619_directxproject\release\directxproject.iobj
c:\users\ryo\documents\visual studio 2017\project\dx21_20190625_directxproject\release\directxproject.ipdb
c:\users\ryo\documents\visual studio 2017\project\dx21_20190625_directxproject\release\directxproject.iobj
c:\users\ryo\documents\visual studio 2017\project\dx21_20190612_directxproject\release\directxproject.exe
c:\users\ryo\documents\visual studio 2017\project\dx21_20190612_directxproject\release\directxproject.pdb
c:\users\ryo\documents\visual studio 2017\project\dx21_20190619_directxproject\release\directxproject.exe
c:\users\ryo\documents\visual studio 2017\project\dx21_20190619_directxproject\release\directxproject.pdb
c:\users\ryo\documents\visual studio 2017\project\dx21_20190625_directxproject\release\directxproject.exe
c:\users\ryo\documents\visual studio 2017\project\dx21_20190625_directxproject\release\directxproject.pdb
c:\users\ryo\documents\visual studio 2017\project\dx21_20190625_directxproject\directxproject\release\directxproject.tlog\cl.command.1.tlog
c:\users\ryo\documents\visual studio 2017\project\dx21_20190625_directxproject\directxproject\release\directxproject.tlog\cl.read.1.tlog
c:\users\ryo\documents\visual studio 2017\project\dx21_20190625_directxproject\directxproject\release\directxproject.tlog\cl.write.1.tlog
c:\users\ryo\documents\visual studio 2017\project\dx21_20190625_directxproject\directxproject\release\directxproject.tlog\directxproject.write.1u.tlog
c:\users\ryo\documents\visual studio 2017\project\dx21_20190625_directxproject\directxproject\release\directxproject.tlog\link.command.1.tlog
c:\users\ryo\documents\visual studio 2017\project\dx21_20190625_directxproject\directxproject\release\directxproject.tlog\link.read.1.tlog
c:\users\ryo\documents\visual studio 2017\project\dx21_20190625_directxproject\directxproject\release\directxproject.tlog\link.write.1.tlog
