c:\users\masuzima.ryou\documents\visual studio 2015\projects\dx_20180713_stg\debug\vc141.pdb
c:\users\masuzima.ryou\documents\visual studio 2015\projects\dx_20180713_stg\debug\vc141.idb
c:\users\masuzima.ryou\documents\visual studio 2015\projects\dx_20180713_stg\debug\title.obj
c:\users\masuzima.ryou\documents\visual studio 2015\projects\dx_20180713_stg\debug\texture.obj
c:\users\masuzima.ryou\documents\visual studio 2015\projects\dx_20180713_stg\debug\system_timer.obj
c:\users\masuzima.ryou\documents\visual studio 2015\projects\dx_20180713_stg\debug\sprite.obj
c:\users\masuzima.ryou\documents\visual studio 2015\projects\dx_20180713_stg\debug\score.obj
c:\users\masuzima.ryou\documents\visual studio 2015\projects\dx_20180713_stg\debug\scene.obj
c:\users\masuzima.ryou\documents\visual studio 2015\projects\dx_20180713_stg\debug\result.obj
c:\users\masuzima.ryou\documents\visual studio 2015\projects\dx_20180713_stg\debug\player.obj
c:\users\masuzima.ryou\documents\visual studio 2015\projects\dx_20180713_stg\debug\number.obj
c:\users\masuzima.ryou\documents\visual studio 2015\projects\dx_20180713_stg\debug\mydirect3d.obj
c:\users\masuzima.ryou\documents\visual studio 2015\projects\dx_20180713_stg\debug\main.obj
c:\users\masuzima.ryou\documents\visual studio 2015\projects\dx_20180713_stg\debug\judgement.obj
c:\users\masuzima.ryou\documents\visual studio 2015\projects\dx_20180713_stg\debug\item.obj
c:\users\masuzima.ryou\documents\visual studio 2015\projects\dx_20180713_stg\debug\input.obj
c:\users\masuzima.ryou\documents\visual studio 2015\projects\dx_20180713_stg\debug\game.obj
c:\users\masuzima.ryou\documents\visual studio 2015\projects\dx_20180713_stg\debug\enemy.obj
c:\users\masuzima.ryou\documents\visual studio 2015\projects\dx_20180713_stg\debug\debug_primitive.obj
c:\users\masuzima.ryou\documents\visual studio 2015\projects\dx_20180713_stg\debug\debugfont.obj
c:\users\masuzima.ryou\documents\visual studio 2015\projects\dx_20180713_stg\debug\collision.obj
c:\users\masuzima.ryou\documents\visual studio 2015\projects\dx_20180713_stg\debug\bullet.obj
c:\users\masuzima.ryou\documents\visual studio 2015\projects\dx_20180713_stg\debug\option.obj
c:\users\masuzima.ryou\documents\visual studio 2015\projects\dx_20180720_stg\debug\vc141.pdb
c:\users\masuzima.ryou\documents\visual studio 2015\projects\dx_20180720_stg\debug\vc141.idb
c:\users\masuzima.ryou\documents\visual studio 2015\projects\dx_20180720_stg\debug\texture.obj
c:\users\masuzima.ryou\documents\visual studio 2015\projects\dx_20180720_stg\debug\system_timer.obj
c:\users\masuzima.ryou\documents\visual studio 2015\projects\dx_20180720_stg\debug\sprite.obj
c:\users\masuzima.ryou\documents\visual studio 2015\projects\dx_20180720_stg\debug\score.obj
c:\users\masuzima.ryou\documents\visual studio 2015\projects\dx_20180720_stg\debug\scene.obj
c:\users\masuzima.ryou\documents\visual studio 2015\projects\dx_20180720_stg\debug\result.obj
c:\users\masuzima.ryou\documents\visual studio 2015\projects\dx_20180720_stg\debug\player.obj
c:\users\masuzima.ryou\documents\visual studio 2015\projects\dx_20180720_stg\debug\option.obj
c:\users\masuzima.ryou\documents\visual studio 2015\projects\dx_20180720_stg\debug\number.obj
c:\users\masuzima.ryou\documents\visual studio 2015\projects\dx_20180720_stg\debug\mydirect3d.obj
c:\users\masuzima.ryou\documents\visual studio 2015\projects\dx_20180720_stg\debug\main.obj
c:\users\masuzima.ryou\documents\visual studio 2015\projects\dx_20180720_stg\debug\judgement.obj
c:\users\masuzima.ryou\documents\visual studio 2015\projects\dx_20180720_stg\debug\item.obj
c:\users\masuzima.ryou\documents\visual studio 2015\projects\dx_20180720_stg\debug\input.obj
c:\users\masuzima.ryou\documents\visual studio 2015\projects\dx_20180720_stg\debug\game.obj
c:\users\masuzima.ryou\documents\visual studio 2015\projects\dx_20180720_stg\debug\enemy.obj
c:\users\masuzima.ryou\documents\visual studio 2015\projects\dx_20180720_stg\debug\debug_primitive.obj
c:\users\masuzima.ryou\documents\visual studio 2015\projects\dx_20180720_stg\debug\debugfont.obj
c:\users\masuzima.ryou\documents\visual studio 2015\projects\dx_20180720_stg\debug\collision.obj
c:\users\masuzima.ryou\documents\visual studio 2015\projects\dx_20180720_stg\debug\bullet.obj
c:\users\masuzima.ryou\documents\visual studio 2015\projects\dx_20180720_stg\debug\title.obj
c:\users\masuzima.ryou\documents\visual studio 2015\projects\dx_20180720_stg\debug\sound.obj
c:\users\masuzima.ryou\documents\visual studio 2015\projects\dx_20180720_stg\debug\effect.obj
c:\users\masuzima.ryou\documents\visual studio 2015\projects\dx_20180720_stg\debug\enemybullet.obj
c:\users\masuzima.ryou\documents\visual studio 2015\projects\dx_20180720_stg\debug\fade.obj
c:\users\masuzima.ryou\documents\visual studio 2015\projects\dx_20180811_stg\debug\vc141.pdb
c:\users\masuzima.ryou\documents\visual studio 2015\projects\dx_20180811_stg\debug\vc141.idb
c:\users\masuzima.ryou\documents\visual studio 2015\projects\dx_20180811_stg\debug\score.obj
c:\users\masuzima.ryou\documents\visual studio 2015\projects\dx_20180811_stg\debug\scene.obj
c:\users\masuzima.ryou\documents\visual studio 2015\projects\dx_20180811_stg\debug\result.obj
c:\users\masuzima.ryou\documents\visual studio 2015\projects\dx_20180811_stg\debug\player.obj
c:\users\masuzima.ryou\documents\visual studio 2015\projects\dx_20180811_stg\debug\option.obj
c:\users\masuzima.ryou\documents\visual studio 2015\projects\dx_20180811_stg\debug\number.obj
c:\users\masuzima.ryou\documents\visual studio 2015\projects\dx_20180811_stg\debug\mydirect3d.obj
c:\users\masuzima.ryou\documents\visual studio 2015\projects\dx_20180811_stg\debug\main.obj
c:\users\masuzima.ryou\documents\visual studio 2015\projects\dx_20180811_stg\debug\judgement.obj
c:\users\masuzima.ryou\documents\visual studio 2015\projects\dx_20180811_stg\debug\item.obj
c:\users\masuzima.ryou\documents\visual studio 2015\projects\dx_20180811_stg\debug\input.obj
c:\users\masuzima.ryou\documents\visual studio 2015\projects\dx_20180811_stg\debug\game.obj
c:\users\masuzima.ryou\documents\visual studio 2015\projects\dx_20180811_stg\debug\fade.obj
c:\users\masuzima.ryou\documents\visual studio 2015\projects\dx_20180811_stg\debug\enemybullet.obj
c:\users\masuzima.ryou\documents\visual studio 2015\projects\dx_20180811_stg\debug\enemy.obj
c:\users\masuzima.ryou\documents\visual studio 2015\projects\dx_20180811_stg\debug\effect.obj
c:\users\masuzima.ryou\documents\visual studio 2015\projects\dx_20180811_stg\debug\debug_primitive.obj
c:\users\masuzima.ryou\documents\visual studio 2015\projects\dx_20180811_stg\debug\debugfont.obj
c:\users\masuzima.ryou\documents\visual studio 2015\projects\dx_20180811_stg\debug\collision.obj
c:\users\masuzima.ryou\documents\visual studio 2015\projects\dx_20180811_stg\debug\bullet.obj
c:\users\masuzima.ryou\documents\visual studio 2015\projects\dx_20180811_stg\debug\title.obj
c:\users\masuzima.ryou\documents\visual studio 2015\projects\dx_20180811_stg\debug\texture.obj
c:\users\masuzima.ryou\documents\visual studio 2015\projects\dx_20180811_stg\debug\system_timer.obj
c:\users\masuzima.ryou\documents\visual studio 2015\projects\dx_20180811_stg\debug\sprite.obj
c:\users\masuzima.ryou\documents\visual studio 2015\projects\dx_20180811_stg\debug\sound.obj
c:\users\masuzima.ryou\documents\visual studio 2015\projects\dx_20180811_stg\debug\frame.obj
c:\users\masuzima.ryou\documents\visual studio 2015\projects\dx_20180713_stg\debug\dx_20180514_draw.exe
c:\users\masuzima.ryou\documents\visual studio 2015\projects\dx_20180713_stg\debug\dx_20180514_draw.ilk
c:\users\masuzima.ryou\documents\visual studio 2015\projects\dx_20180713_stg\debug\dx_20180514_draw.pdb
c:\users\masuzima.ryou\documents\visual studio 2015\projects\dx_20180720_stg\debug\dx_20180514_draw.ilk
c:\users\masuzima.ryou\documents\visual studio 2015\projects\dx_20180720_stg\debug\dx_20180514_draw.exe
c:\users\masuzima.ryou\documents\visual studio 2015\projects\dx_20180720_stg\debug\dx_20180514_draw.pdb
c:\users\masuzima.ryou\documents\visual studio 2015\projects\dx_20180811_stg\debug\dx_20180514_draw.pdb
c:\users\masuzima.ryou\documents\visual studio 2015\projects\dx_20180811_stg\debug\dx_20180514_draw.tlog\cl.command.1.tlog
c:\users\masuzima.ryou\documents\visual studio 2015\projects\dx_20180811_stg\debug\dx_20180514_draw.tlog\cl.read.1.tlog
c:\users\masuzima.ryou\documents\visual studio 2015\projects\dx_20180811_stg\debug\dx_20180514_draw.tlog\cl.write.1.tlog
c:\users\masuzima.ryou\documents\visual studio 2015\projects\dx_20180811_stg\debug\dx_20180514_draw.tlog\link-cvtres.read.1.tlog
c:\users\masuzima.ryou\documents\visual studio 2015\projects\dx_20180811_stg\debug\dx_20180514_draw.tlog\link-cvtres.write.1.tlog
c:\users\masuzima.ryou\documents\visual studio 2015\projects\dx_20180811_stg\debug\dx_20180514_draw.tlog\link-rc.read.1.tlog
c:\users\masuzima.ryou\documents\visual studio 2015\projects\dx_20180811_stg\debug\dx_20180514_draw.tlog\link-rc.write.1.tlog
c:\users\masuzima.ryou\documents\visual studio 2015\projects\dx_20180811_stg\debug\dx_20180514_draw.tlog\link.9428-cvtres.read.1.tlog
c:\users\masuzima.ryou\documents\visual studio 2015\projects\dx_20180811_stg\debug\dx_20180514_draw.tlog\link.9428-cvtres.write.1.tlog
c:\users\masuzima.ryou\documents\visual studio 2015\projects\dx_20180811_stg\debug\dx_20180514_draw.tlog\link.9428-rc.read.1.tlog
c:\users\masuzima.ryou\documents\visual studio 2015\projects\dx_20180811_stg\debug\dx_20180514_draw.tlog\link.9428-rc.write.1.tlog
c:\users\masuzima.ryou\documents\visual studio 2015\projects\dx_20180811_stg\debug\dx_20180514_draw.tlog\link.9428.read.1.tlog
c:\users\masuzima.ryou\documents\visual studio 2015\projects\dx_20180811_stg\debug\dx_20180514_draw.tlog\link.9428.write.1.tlog
c:\users\masuzima.ryou\documents\visual studio 2015\projects\dx_20180811_stg\debug\dx_20180514_draw.tlog\link.command.1.tlog
c:\users\masuzima.ryou\documents\visual studio 2015\projects\dx_20180811_stg\debug\dx_20180514_draw.tlog\link.read.1.tlog
c:\users\masuzima.ryou\documents\visual studio 2015\projects\dx_20180811_stg\debug\dx_20180514_draw.tlog\link.write.1.tlog
