c:\users\ryo\documents\visual studio 2017\project\dx21_20190702_directxproject\directxproject\debug\vc141.pdb
c:\users\ryo\documents\visual studio 2017\project\dx21_20190702_directxproject\directxproject\debug\vc141.idb
c:\users\ryo\documents\visual studio 2017\project\dx21_20190702_directxproject\directxproject\debug\texture.obj
c:\users\ryo\documents\visual studio 2017\project\dx21_20190702_directxproject\directxproject\debug\system_timer.obj
c:\users\ryo\documents\visual studio 2017\project\dx21_20190702_directxproject\directxproject\debug\sprite.obj
c:\users\ryo\documents\visual studio 2017\project\dx21_20190702_directxproject\directxproject\debug\patternanimation.obj
c:\users\ryo\documents\visual studio 2017\project\dx21_20190702_directxproject\directxproject\debug\mydirect3d.obj
c:\users\ryo\documents\visual studio 2017\project\dx21_20190702_directxproject\directxproject\debug\main.obj
c:\users\ryo\documents\visual studio 2017\project\dx21_20190702_directxproject\directxproject\debug\input.obj
c:\users\ryo\documents\visual studio 2017\project\dx21_20190702_directxproject\directxproject\debug\game.obj
c:\users\ryo\documents\visual studio 2017\project\dx21_20190702_directxproject\directxproject\debug\debug_font.obj
c:\users\ryo\documents\visual studio 2017\project\dx21_20190702_directxproject\directxproject\debug\player.obj
c:\users\ryo\documents\visual studio 2017\project\dx21_20190703_directxproject\directxproject\debug\vc141.pdb
c:\users\ryo\documents\visual studio 2017\project\dx21_20190703_directxproject\directxproject\debug\vc141.idb
c:\users\ryo\documents\visual studio 2017\project\dx21_20190703_directxproject\directxproject\debug\texture.obj
c:\users\ryo\documents\visual studio 2017\project\dx21_20190703_directxproject\directxproject\debug\system_timer.obj
c:\users\ryo\documents\visual studio 2017\project\dx21_20190703_directxproject\directxproject\debug\sprite.obj
c:\users\ryo\documents\visual studio 2017\project\dx21_20190703_directxproject\directxproject\debug\player.obj
c:\users\ryo\documents\visual studio 2017\project\dx21_20190703_directxproject\directxproject\debug\patternanimation.obj
c:\users\ryo\documents\visual studio 2017\project\dx21_20190703_directxproject\directxproject\debug\mydirect3d.obj
c:\users\ryo\documents\visual studio 2017\project\dx21_20190703_directxproject\directxproject\debug\main.obj
c:\users\ryo\documents\visual studio 2017\project\dx21_20190703_directxproject\directxproject\debug\input.obj
c:\users\ryo\documents\visual studio 2017\project\dx21_20190703_directxproject\directxproject\debug\game.obj
c:\users\ryo\documents\visual studio 2017\project\dx21_20190703_directxproject\directxproject\debug\debug_font.obj
c:\users\ryo\documents\visual studio 2017\project\dx21_20190703_directxproject\directxproject\debug\bullet.obj
c:\users\ryo\documents\visual studio 2017\project\dx21_20190703_directxproject\directxproject\debug\enemy.obj
c:\users\ryo\documents\visual studio 2017\project\dx21_20190703_directxproject\directxproject\debug\enemygenerator.obj
c:\users\ryo\documents\visual studio 2017\project\dx21_20190703_directxproject\directxproject\debug\collision.obj
c:\users\ryo\documents\visual studio 2017\project\dx21_20190709_directxproject\directxproject\debug\vc141.pdb
c:\users\ryo\documents\visual studio 2017\project\dx21_20190709_directxproject\directxproject\debug\vc141.idb
c:\users\ryo\documents\visual studio 2017\project\dx21_20190709_directxproject\directxproject\debug\texture.obj
c:\users\ryo\documents\visual studio 2017\project\dx21_20190709_directxproject\directxproject\debug\system_timer.obj
c:\users\ryo\documents\visual studio 2017\project\dx21_20190709_directxproject\directxproject\debug\sprite.obj
c:\users\ryo\documents\visual studio 2017\project\dx21_20190709_directxproject\directxproject\debug\player.obj
c:\users\ryo\documents\visual studio 2017\project\dx21_20190709_directxproject\directxproject\debug\patternanimation.obj
c:\users\ryo\documents\visual studio 2017\project\dx21_20190709_directxproject\directxproject\debug\mydirect3d.obj
c:\users\ryo\documents\visual studio 2017\project\dx21_20190709_directxproject\directxproject\debug\main.obj
c:\users\ryo\documents\visual studio 2017\project\dx21_20190709_directxproject\directxproject\debug\input.obj
c:\users\ryo\documents\visual studio 2017\project\dx21_20190709_directxproject\directxproject\debug\game.obj
c:\users\ryo\documents\visual studio 2017\project\dx21_20190709_directxproject\directxproject\debug\enemygenerator.obj
c:\users\ryo\documents\visual studio 2017\project\dx21_20190709_directxproject\directxproject\debug\enemy.obj
c:\users\ryo\documents\visual studio 2017\project\dx21_20190709_directxproject\directxproject\debug\debug_font.obj
c:\users\ryo\documents\visual studio 2017\project\dx21_20190709_directxproject\directxproject\debug\collision.obj
c:\users\ryo\documents\visual studio 2017\project\dx21_20190709_directxproject\directxproject\debug\bullet.obj
c:\users\ryo\documents\visual studio 2017\project\dx21_20190709_directxproject\directxproject\debug\judgement.obj
c:\users\ryo\documents\visual studio 2017\project\dx21_20190709_directxproject\directxproject\debug\explosion.obj
c:\users\ryo\documents\visual studio 2017\project\dx21_20190710_directxproject\directxproject\debug\vc141.pdb
c:\users\ryo\documents\visual studio 2017\project\dx21_20190710_directxproject\directxproject\debug\vc141.idb
c:\users\ryo\documents\visual studio 2017\project\dx21_20190710_directxproject\directxproject\debug\texture.obj
c:\users\ryo\documents\visual studio 2017\project\dx21_20190710_directxproject\directxproject\debug\system_timer.obj
c:\users\ryo\documents\visual studio 2017\project\dx21_20190710_directxproject\directxproject\debug\sprite.obj
c:\users\ryo\documents\visual studio 2017\project\dx21_20190710_directxproject\directxproject\debug\player.obj
c:\users\ryo\documents\visual studio 2017\project\dx21_20190710_directxproject\directxproject\debug\patternanimation.obj
c:\users\ryo\documents\visual studio 2017\project\dx21_20190710_directxproject\directxproject\debug\mydirect3d.obj
c:\users\ryo\documents\visual studio 2017\project\dx21_20190710_directxproject\directxproject\debug\main.obj
c:\users\ryo\documents\visual studio 2017\project\dx21_20190710_directxproject\directxproject\debug\judgement.obj
c:\users\ryo\documents\visual studio 2017\project\dx21_20190710_directxproject\directxproject\debug\input.obj
c:\users\ryo\documents\visual studio 2017\project\dx21_20190710_directxproject\directxproject\debug\game.obj
c:\users\ryo\documents\visual studio 2017\project\dx21_20190710_directxproject\directxproject\debug\explosion.obj
c:\users\ryo\documents\visual studio 2017\project\dx21_20190710_directxproject\directxproject\debug\enemygenerator.obj
c:\users\ryo\documents\visual studio 2017\project\dx21_20190710_directxproject\directxproject\debug\enemy.obj
c:\users\ryo\documents\visual studio 2017\project\dx21_20190710_directxproject\directxproject\debug\debug_font.obj
c:\users\ryo\documents\visual studio 2017\project\dx21_20190710_directxproject\directxproject\debug\collision.obj
c:\users\ryo\documents\visual studio 2017\project\dx21_20190710_directxproject\directxproject\debug\bullet.obj
c:\users\ryo\documents\visual studio 2017\project\dx21_20190710_directxproject\directxproject\debug\number.obj
c:\users\ryo\documents\visual studio 2017\project\dx21_20190710_directxproject\directxproject\debug\score.obj
c:\users\ryo\documents\visual studio 2017\project\dx21_20190716_directxproject\directxproject\debug\vc141.pdb
c:\users\ryo\documents\visual studio 2017\project\dx21_20190716_directxproject\directxproject\debug\vc141.idb
c:\users\ryo\documents\visual studio 2017\project\dx21_20190716_directxproject\directxproject\debug\texture.obj
c:\users\ryo\documents\visual studio 2017\project\dx21_20190716_directxproject\directxproject\debug\system_timer.obj
c:\users\ryo\documents\visual studio 2017\project\dx21_20190716_directxproject\directxproject\debug\sprite.obj
c:\users\ryo\documents\visual studio 2017\project\dx21_20190716_directxproject\directxproject\debug\score.obj
c:\users\ryo\documents\visual studio 2017\project\dx21_20190716_directxproject\directxproject\debug\player.obj
c:\users\ryo\documents\visual studio 2017\project\dx21_20190716_directxproject\directxproject\debug\patternanimation.obj
c:\users\ryo\documents\visual studio 2017\project\dx21_20190716_directxproject\directxproject\debug\number.obj
c:\users\ryo\documents\visual studio 2017\project\dx21_20190716_directxproject\directxproject\debug\mydirect3d.obj
c:\users\ryo\documents\visual studio 2017\project\dx21_20190716_directxproject\directxproject\debug\main.obj
c:\users\ryo\documents\visual studio 2017\project\dx21_20190716_directxproject\directxproject\debug\judgement.obj
c:\users\ryo\documents\visual studio 2017\project\dx21_20190716_directxproject\directxproject\debug\input.obj
c:\users\ryo\documents\visual studio 2017\project\dx21_20190716_directxproject\directxproject\debug\game.obj
c:\users\ryo\documents\visual studio 2017\project\dx21_20190716_directxproject\directxproject\debug\explosion.obj
c:\users\ryo\documents\visual studio 2017\project\dx21_20190716_directxproject\directxproject\debug\enemygenerator.obj
c:\users\ryo\documents\visual studio 2017\project\dx21_20190716_directxproject\directxproject\debug\enemy.obj
c:\users\ryo\documents\visual studio 2017\project\dx21_20190716_directxproject\directxproject\debug\debug_font.obj
c:\users\ryo\documents\visual studio 2017\project\dx21_20190716_directxproject\directxproject\debug\collision.obj
c:\users\ryo\documents\visual studio 2017\project\dx21_20190716_directxproject\directxproject\debug\bullet.obj
c:\users\ryo\documents\visual studio 2017\project\dx21_20190716_directxproject\directxproject\debug\enemybullet.obj
c:\users\ryo\documents\visual studio 2017\project\dx21_20190717_directxproject\directxproject\debug\vc141.pdb
c:\users\ryo\documents\visual studio 2017\project\dx21_20190717_directxproject\directxproject\debug\vc141.idb
c:\users\ryo\documents\visual studio 2017\project\dx21_20190717_directxproject\directxproject\debug\texture.obj
c:\users\ryo\documents\visual studio 2017\project\dx21_20190717_directxproject\directxproject\debug\system_timer.obj
c:\users\ryo\documents\visual studio 2017\project\dx21_20190717_directxproject\directxproject\debug\sprite.obj
c:\users\ryo\documents\visual studio 2017\project\dx21_20190717_directxproject\directxproject\debug\score.obj
c:\users\ryo\documents\visual studio 2017\project\dx21_20190717_directxproject\directxproject\debug\player.obj
c:\users\ryo\documents\visual studio 2017\project\dx21_20190717_directxproject\directxproject\debug\patternanimation.obj
c:\users\ryo\documents\visual studio 2017\project\dx21_20190717_directxproject\directxproject\debug\number.obj
c:\users\ryo\documents\visual studio 2017\project\dx21_20190717_directxproject\directxproject\debug\mydirect3d.obj
c:\users\ryo\documents\visual studio 2017\project\dx21_20190717_directxproject\directxproject\debug\main.obj
c:\users\ryo\documents\visual studio 2017\project\dx21_20190717_directxproject\directxproject\debug\judgement.obj
c:\users\ryo\documents\visual studio 2017\project\dx21_20190717_directxproject\directxproject\debug\input.obj
c:\users\ryo\documents\visual studio 2017\project\dx21_20190717_directxproject\directxproject\debug\game.obj
c:\users\ryo\documents\visual studio 2017\project\dx21_20190717_directxproject\directxproject\debug\explosion.obj
c:\users\ryo\documents\visual studio 2017\project\dx21_20190717_directxproject\directxproject\debug\enemygenerator.obj
c:\users\ryo\documents\visual studio 2017\project\dx21_20190717_directxproject\directxproject\debug\enemybullet.obj
c:\users\ryo\documents\visual studio 2017\project\dx21_20190717_directxproject\directxproject\debug\enemy.obj
c:\users\ryo\documents\visual studio 2017\project\dx21_20190717_directxproject\directxproject\debug\debug_font.obj
c:\users\ryo\documents\visual studio 2017\project\dx21_20190717_directxproject\directxproject\debug\collision.obj
c:\users\ryo\documents\visual studio 2017\project\dx21_20190717_directxproject\directxproject\debug\bullet.obj
c:\users\ryo\documents\visual studio 2017\project\dx21_20190717_directxproject\directxproject\debug\sound.obj
c:\users\ryo\documents\visual studio 2017\project\dx21_20190717_directxproject\directxproject\debug\debug.obj
c:\users\ryo\documents\visual studio 2017\project\dx21_20190717_directxproject\directxproject\debug\fade.obj
c:\users\ryo\documents\visual studio 2017\project\dx21_20190702_directxproject\debug\directxproject.exe
c:\users\ryo\documents\visual studio 2017\project\dx21_20190702_directxproject\debug\directxproject.ilk
c:\users\ryo\documents\visual studio 2017\project\dx21_20190702_directxproject\debug\directxproject.pdb
c:\users\ryo\documents\visual studio 2017\project\dx21_20190703_directxproject\debug\directxproject.exe
c:\users\ryo\documents\visual studio 2017\project\dx21_20190703_directxproject\debug\directxproject.ilk
c:\users\ryo\documents\visual studio 2017\project\dx21_20190703_directxproject\debug\directxproject.pdb
c:\users\ryo\documents\visual studio 2017\project\dx21_20190709_directxproject\debug\directxproject.exe
c:\users\ryo\documents\visual studio 2017\project\dx21_20190709_directxproject\debug\directxproject.ilk
c:\users\ryo\documents\visual studio 2017\project\dx21_20190709_directxproject\debug\directxproject.pdb
c:\users\ryo\documents\visual studio 2017\project\dx21_20190710_directxproject\debug\directxproject.exe
c:\users\ryo\documents\visual studio 2017\project\dx21_20190710_directxproject\debug\directxproject.ilk
c:\users\ryo\documents\visual studio 2017\project\dx21_20190710_directxproject\debug\directxproject.pdb
c:\users\ryo\documents\visual studio 2017\project\dx21_20190716_directxproject\debug\directxproject.exe
c:\users\ryo\documents\visual studio 2017\project\dx21_20190716_directxproject\debug\directxproject.ilk
c:\users\ryo\documents\visual studio 2017\project\dx21_20190716_directxproject\debug\directxproject.pdb
c:\users\ryo\documents\visual studio 2017\project\dx21_20190717_directxproject\debug\directxproject.exe
c:\users\ryo\documents\visual studio 2017\project\dx21_20190717_directxproject\debug\directxproject.ilk
c:\users\ryo\documents\visual studio 2017\project\dx21_20190717_directxproject\debug\directxproject.pdb
c:\users\ryo\documents\visual studio 2017\project\dx21_20190904_directxproject\directxproject\debug\bullet.obj
c:\users\ryo\documents\visual studio 2017\project\dx21_20190904_directxproject\directxproject\debug\collision.obj
c:\users\ryo\documents\visual studio 2017\project\dx21_20190904_directxproject\directxproject\debug\debug.obj
c:\users\ryo\documents\visual studio 2017\project\dx21_20190904_directxproject\directxproject\debug\debug_font.obj
c:\users\ryo\documents\visual studio 2017\project\dx21_20190904_directxproject\directxproject\debug\enemy.obj
c:\users\ryo\documents\visual studio 2017\project\dx21_20190904_directxproject\directxproject\debug\enemybullet.obj
c:\users\ryo\documents\visual studio 2017\project\dx21_20190904_directxproject\directxproject\debug\enemygenerator.obj
c:\users\ryo\documents\visual studio 2017\project\dx21_20190904_directxproject\directxproject\debug\explosion.obj
c:\users\ryo\documents\visual studio 2017\project\dx21_20190904_directxproject\directxproject\debug\fade.obj
c:\users\ryo\documents\visual studio 2017\project\dx21_20190904_directxproject\directxproject\debug\game.obj
c:\users\ryo\documents\visual studio 2017\project\dx21_20190904_directxproject\directxproject\debug\input.obj
c:\users\ryo\documents\visual studio 2017\project\dx21_20190904_directxproject\directxproject\debug\judgement.obj
c:\users\ryo\documents\visual studio 2017\project\dx21_20190904_directxproject\directxproject\debug\main.obj
c:\users\ryo\documents\visual studio 2017\project\dx21_20190904_directxproject\directxproject\debug\mydirect3d.obj
c:\users\ryo\documents\visual studio 2017\project\dx21_20190904_directxproject\directxproject\debug\number.obj
c:\users\ryo\documents\visual studio 2017\project\dx21_20190904_directxproject\directxproject\debug\patternanimation.obj
c:\users\ryo\documents\visual studio 2017\project\dx21_20190904_directxproject\directxproject\debug\player.obj
c:\users\ryo\documents\visual studio 2017\project\dx21_20190904_directxproject\directxproject\debug\score.obj
c:\users\ryo\documents\visual studio 2017\project\dx21_20190904_directxproject\directxproject\debug\sound.obj
c:\users\ryo\documents\visual studio 2017\project\dx21_20190904_directxproject\directxproject\debug\sprite.obj
c:\users\ryo\documents\visual studio 2017\project\dx21_20190904_directxproject\directxproject\debug\system_timer.obj
c:\users\ryo\documents\visual studio 2017\project\dx21_20190904_directxproject\directxproject\debug\texture.obj
c:\users\ryo\documents\visual studio 2017\project\dx21_20190904_directxproject\directxproject\debug\vc141.idb
c:\users\ryo\documents\visual studio 2017\project\dx21_20190904_directxproject\directxproject\debug\vc141.pdb
c:\users\ryo\documents\visual studio 2017\project\dx21_20190904_directxproject\debug\directxproject.pdb
c:\users\ryo\documents\visual studio 2017\project\dx21_20190904_directxproject\debug\directxproject.exe
c:\users\ryo\documents\visual studio 2017\project\dx21_20190904_directxproject\debug\directxproject.ilk
c:\users\ryo\documents\visual studio 2017\project\dx21_20190904_directxproject\directxproject\debug\directxproject.tlog\cl.command.1.tlog
c:\users\ryo\documents\visual studio 2017\project\dx21_20190904_directxproject\directxproject\debug\directxproject.tlog\cl.read.1.tlog
c:\users\ryo\documents\visual studio 2017\project\dx21_20190904_directxproject\directxproject\debug\directxproject.tlog\cl.write.1.tlog
c:\users\ryo\documents\visual studio 2017\project\dx21_20190904_directxproject\directxproject\debug\directxproject.tlog\link.command.1.tlog
c:\users\ryo\documents\visual studio 2017\project\dx21_20190904_directxproject\directxproject\debug\directxproject.tlog\link.read.1.tlog
c:\users\ryo\documents\visual studio 2017\project\dx21_20190904_directxproject\directxproject\debug\directxproject.tlog\link.write.1.tlog
